2026-04-03T06:53:46+00:00 | R-003 | block | /home/zephryj/projects/omega_pure_v2/test_dummy.py
2026-04-03T06:54:06+00:00 | R-009 | warn | /home/zephryj/projects/omega_pure_v2/test_model.py
2026-04-03T06:55:57+00:00 | R-008 | block | /home/zephryj/projects/omega_pure_v2/test_model.py
2026-04-03T06:56:10+00:00 | R-003 | block | /tmp/t.py
2026-04-03T06:56:16+00:00 | R-008 | block | /tmp/t.py
2026-04-03T06:56:19+00:00 | R-009 | warn | /tmp/t.py
2026-04-03T06:56:37+00:00 | R-003 | block | /tmp/t.py
2026-04-03T06:56:43+00:00 | R-008 | block | /tmp/t.py
2026-04-03T06:56:46+00:00 | R-009 | warn | /tmp/t.py
2026-04-03T06:59:14+00:00 | R-013 | warn | /home/zephryj/projects/omega_pure_v2/omega_epiplexity_plus_core.py
2026-04-03T06:59:24+00:00 | R-013 | warn | /home/zephryj/projects/omega_pure_v2/train.py
2026-04-03T07:00:27+00:00 | R-002 | block | /home/zephryj/projects/omega_pure_v2/tests/test_harness_v3.py
2026-04-03T07:00:27+00:00 | R-003 | block | /home/zephryj/projects/omega_pure_v2/tests/test_harness_v3.py
2026-04-03T07:00:28+00:00 | R-006 | warn | /home/zephryj/projects/omega_pure_v2/tests/test_harness_v3.py
2026-04-03T07:00:28+00:00 | R-008 | block | /home/zephryj/projects/omega_pure_v2/tests/test_harness_v3.py
2026-04-03T07:00:28+00:00 | R-009 | warn | /home/zephryj/projects/omega_pure_v2/tests/test_harness_v3.py
2026-04-03T07:01:39+00:00 | R-003 | block | /tmp/test.py
2026-04-03T07:01:46+00:00 | R-008 | block | /tmp/test.py
2026-04-03T07:01:48+00:00 | R-008 | block | /tmp/test.py
2026-04-03T07:01:53+00:00 | R-004 | block | /home/zephryj/projects/omega_pure_v2/omega_epiplexity_plus_core.py
2026-04-03T07:02:00+00:00 | R-009 | warn | /tmp/test.py
2026-04-03T07:02:02+00:00 | R-009 | warn | /tmp/test.py
2026-04-03T07:02:05+00:00 | R-006 | warn | /tmp/test.py
2026-04-03T07:02:07+00:00 | R-007 | warn | /home/zephryj/projects/omega_pure_v2/gcp/test.yaml
2026-04-03T07:02:18+00:00 | R-005 | block | /home/zephryj/projects/omega_pure_v2/gcp/test.sh
2026-04-03T07:02:21+00:00 | R-005 | block | /home/zephryj/projects/omega_pure_v2/gcp/test.sh
2026-04-03T07:02:32+00:00 | R-003 | block | /tmp/test.py
2026-04-03T07:03:15+00:00 | R-005 | block | /home/zephryj/projects/omega_pure_v2/gcp/test.sh
2026-04-03T07:03:35+00:00 | R-005 | block | /home/zephryj/projects/omega_pure_v2/gcp/test.sh
2026-04-03T07:03:38+00:00 | R-005 | block | /home/zephryj/projects/omega_pure_v2/gcp/test.sh
2026-04-03T07:05:24+00:00 | R-005 | block | /home/zephryj/projects/omega_pure_v2/gcp/test.sh
2026-04-03T07:05:29+00:00 | R-001 | block | /home/zephryj/projects/omega_pure_v2/gcp/test.yaml
2026-04-03T07:05:42+00:00 | R-003 | block | /tmp/test.py
2026-04-03T07:05:48+00:00 | R-008 | block | /tmp/test.py
2026-04-03T07:05:51+00:00 | R-008 | block | /tmp/test.py
2026-04-03T07:05:56+00:00 | R-004 | block | /home/zephryj/projects/omega_pure_v2/omega_epiplexity_plus_core.py
2026-04-03T07:06:02+00:00 | R-009 | warn | /tmp/test.py
2026-04-03T07:06:05+00:00 | R-009 | warn | /tmp/test.py
2026-04-03T07:06:07+00:00 | R-006 | warn | /tmp/test.py
2026-04-03T07:06:10+00:00 | R-007 | warn | /home/zephryj/projects/omega_pure_v2/gcp/test.yaml
2026-04-03T07:06:14+00:00 | R-013 | warn | /home/zephryj/projects/omega_pure_v2/omega_epiplexity_plus_core.py
2026-04-03T07:06:15+00:00 | R-001 | block | /home/zephryj/projects/omega_pure_v2/gcp/test.yaml
2026-04-03T07:06:21+00:00 | R-005 | block | /home/zephryj/projects/omega_pure_v2/gcp/test.sh
2026-04-03T07:06:35+00:00 | R-003 | block | /tmp/test.py
2026-04-03T07:07:57+00:00 | R-003 | block | /tmp/test.py
2026-04-03T07:08:04+00:00 | R-008 | block | /tmp/test.py
2026-04-03T07:08:06+00:00 | R-008 | block | /tmp/test.py
2026-04-03T07:08:11+00:00 | R-004 | block | /home/zephryj/projects/omega_pure_v2/omega_epiplexity_plus_core.py
2026-04-03T07:08:18+00:00 | R-009 | warn | /tmp/test.py
2026-04-03T07:08:20+00:00 | R-009 | warn | /tmp/test.py
2026-04-03T07:08:22+00:00 | R-006 | warn | /tmp/test.py
2026-04-03T07:08:25+00:00 | R-007 | warn | /home/zephryj/projects/omega_pure_v2/gcp/test.yaml
2026-04-03T07:08:29+00:00 | R-013 | warn | /home/zephryj/projects/omega_pure_v2/omega_epiplexity_plus_core.py
2026-04-03T07:08:30+00:00 | R-001 | block | /home/zephryj/projects/omega_pure_v2/gcp/test.yaml
2026-04-03T07:08:36+00:00 | R-005 | block | /home/zephryj/projects/omega_pure_v2/gcp/test.sh
2026-04-03T07:08:50+00:00 | R-003 | block | /tmp/test.py
2026-04-03T07:31:37+00:00 | R-003 | block | /tmp/test.py
2026-04-03T07:31:43+00:00 | R-008 | block | /tmp/test.py
2026-04-03T07:31:46+00:00 | R-008 | block | /tmp/test.py
2026-04-03T07:31:51+00:00 | R-004 | block | /home/zephryj/projects/omega_pure_v2/omega_epiplexity_plus_core.py
2026-04-03T07:31:57+00:00 | R-009 | warn | /tmp/test.py
2026-04-03T07:32:00+00:00 | R-009 | warn | /tmp/test.py
2026-04-03T07:32:02+00:00 | R-006 | warn | /tmp/test.py
2026-04-03T07:32:05+00:00 | R-007 | warn | /home/zephryj/projects/omega_pure_v2/gcp/test.yaml
2026-04-03T07:32:09+00:00 | R-013 | warn | /home/zephryj/projects/omega_pure_v2/omega_epiplexity_plus_core.py
2026-04-03T07:32:11+00:00 | R-001 | block | /home/zephryj/projects/omega_pure_v2/gcp/test.yaml
2026-04-03T07:32:17+00:00 | R-005 | block | /home/zephryj/projects/omega_pure_v2/gcp/test.sh
2026-04-03T07:32:32+00:00 | R-003 | block | /tmp/test.py
2026-04-03T07:54:27+00:00 | R-016 | warn | /home/zephryj/projects/omega_pure_v2/train.py
2026-04-03T07:54:30+00:00 | R-016 | warn | /home/zephryj/projects/omega_pure_v2/gcp/train.py
2026-04-03T07:54:33+00:00 | R-016 | warn | /home/zephryj/projects/omega_pure_v2/train.py
2026-04-03T07:54:36+00:00 | R-016 | warn | /home/zephryj/projects/omega_pure_v2/gcp/train.py
2026-04-04T00:51:43+00:00 | R-010 | warn | /home/zephryj/projects/omega_pure_v2/omega_epiplexity_plus_core.py
2026-04-04T00:51:51+00:00 | R-016 | warn | /home/zephryj/projects/omega_pure_v2/train.py
2026-04-04T01:34:27+00:00 | R-001 | block | /home/zephryj/projects/omega_pure_v2/gcp/phase12_postflight_inference.yaml
2026-04-04T09:28:21+00:00 | R-016 | warn | /home/zephryj/projects/omega_pure_v2/train.py
2026-04-04T09:29:11+00:00 | R-016 | warn | /home/zephryj/projects/omega_pure_v2/train.py
2026-04-04T11:25:19+00:00 | R-010 | warn | /home/zephryj/projects/omega_pure_v2/omega_epiplexity_plus_core.py
2026-04-04T11:25:47+00:00 | R-010 | warn | /home/zephryj/projects/omega_pure_v2/train.py
2026-04-04T11:25:47+00:00 | R-013 | warn | /home/zephryj/projects/omega_pure_v2/train.py
2026-04-04T11:27:20+00:00 | R-013 | warn | /home/zephryj/projects/omega_pure_v2/train.py
2026-04-04T11:29:34+00:00 | R-010 | warn | /home/zephryj/projects/omega_pure_v2/train.py
2026-04-04T11:33:33+00:00 | R-010 | warn | /home/zephryj/projects/omega_pure_v2/train.py
2026-04-04T11:34:16+00:00 | R-013 | warn | /home/zephryj/projects/omega_pure_v2/train.py
